global_palette.h
global_palette.c
spr_logo.h
spr_logo.c
spr_all_stars_logo.h
spr_all_stars_logo.c
spr_gameplay_anagram_seven_icon.h
spr_gameplay_anagram_seven_icon.c
spr_gameplay_original_icon.h
spr_gameplay_original_icon.c
spr_gameplay_rush_icon.h
spr_gameplay_rush_icon.c
spr_character_tile_blue.h
spr_character_tile_blue.c
spr_character_tile_green.h
spr_character_tile_green.c
spr_character_tile_orange.h
spr_character_tile_orange.c
spr_character_slot.h
spr_character_slot.c
spr_notification_icon.h
spr_notification_icon.c
spr_page_dot.h
spr_page_dot.c
spr_page_dot_slot.h
spr_page_dot_slot.c
gfx.h
